# JRE version: OpenJDK Runtime Environment (17.0.11) (build 17.0.11+0--11852314)
# Java VM: OpenJDK 64-Bit Server VM (17.0.11+0--11852314, mixed mode, tiered, compressed oops, compressed class ptrs, g1 gc, windows-amd64)
GC Precious Log:
 CPUs: 4 total, 4 available
 Memory: 12235M
 Large Page Support: Disabled
 NUMA Support: Disabled
 Compressed Oops: Enabled (32-bit)
 Heap Region Size: 1M
 Heap Min Capacity: 8M
 Heap Initial Capacity: 192M
 Heap Max Capacity: 2G
 Pre-touch: Disabled
 Parallel Workers: 4
 Concurrent Workers: 1
 Concurrent Refinement Workers: 4
 Periodic GC: Disabled
Heap:
 garbage-first heap   total 405504K, used 323584K [0x0000000080000000, 0x0000000100000000)
  region size 1024K, 156 young (159744K), 14 survivors (14336K)
 Metaspace       used 131727K, committed 132544K, reserved 1179648K
  class space    used 18069K, committed 18432K, reserved 1048576K
GC Heap History (20 events):
Event: 46.276 GC heap after
{Heap after GC invocations=47 (full 0):
 garbage-first heap   total 202752K, used 115252K [0x0000000080000000, 0x0000000100000000)
  region size 1024K, 5 young (5120K), 5 survivors (5120K)
 Metaspace       used 113655K, committed 114432K, reserved 1179648K
  class space    used 15530K, committed 15936K, reserved 1048576K
}
Event: 46.915 GC heap before
{Heap before GC invocations=47 (full 0):
 garbage-first heap   total 202752K, used 173620K [0x0000000080000000, 0x0000000100000000)
  region size 1024K, 62 young (63488K), 5 survivors (5120K)
 Metaspace       used 113891K, committed 114688K, reserved 1179648K
  class space    used 15543K, committed 15936K, reserved 1048576K
}
Event: 46.925 GC heap after
{Heap after GC invocations=48 (full 0):
 garbage-first heap   total 202752K, used 115265K [0x0000000080000000, 0x0000000100000000)
  region size 1024K, 5 young (5120K), 5 survivors (5120K)
 Metaspace       used 113891K, committed 114688K, reserved 1179648K
  class space    used 15543K, committed 15936K, reserved 1048576K
}
Event: 47.370 GC heap before
{Heap before GC invocations=48 (full 0):
 garbage-first heap   total 202752K, used 173633K [0x0000000080000000, 0x0000000100000000)
  region size 1024K, 62 young (63488K), 5 survivors (5120K)
 Metaspace       used 113953K, committed 114752K, reserved 1179648K
  class space    used 15543K, committed 15936K, reserved 1048576K
}
Event: 47.379 GC heap after
{Heap after GC invocations=49 (full 0):
 garbage-first heap   total 202752K, used 115808K [0x0000000080000000, 0x0000000100000000)
  region size 1024K, 5 young (5120K), 5 survivors (5120K)
 Metaspace       used 113953K, committed 114752K, reserved 1179648K
  class space    used 15543K, committed 15936K, reserved 1048576K
}
Event: 47.635 GC heap before
{Heap before GC invocations=49 (full 0):
 garbage-first heap   total 202752K, used 174176K [0x0000000080000000, 0x0000000100000000)
  region size 1024K, 63 young (64512K), 5 survivors (5120K)
 Metaspace       used 113969K, committed 114752K, reserved 1179648K
  class space    used 15543K, committed 15936K, reserved 1048576K
}
Event: 47.646 GC heap after
{Heap after GC invocations=50 (full 0):
 garbage-first heap   total 405504K, used 116386K [0x0000000080000000, 0x0000000100000000)
  region size 1024K, 5 young (5120K), 5 survivors (5120K)
 Metaspace       used 113969K, committed 114752K, reserved 1179648K
  class space    used 15543K, committed 15936K, reserved 1048576K
}
Event: 49.857 GC heap before
{Heap before GC invocations=50 (full 0):
 garbage-first heap   total 405504K, used 349858K [0x0000000080000000, 0x0000000100000000)
  region size 1024K, 234 young (239616K), 5 survivors (5120K)
 Metaspace       used 114089K, committed 114880K, reserved 1179648K
  class space    used 15549K, committed 15936K, reserved 1048576K
}
Event: 49.865 GC heap after
{Heap after GC invocations=51 (full 0):
 garbage-first heap   total 405504K, used 116330K [0x0000000080000000, 0x0000000100000000)
  region size 1024K, 5 young (5120K), 5 survivors (5120K)
 Metaspace       used 114089K, committed 114880K, reserved 1179648K
  class space    used 15549K, committed 15936K, reserved 1048576K
}
Event: 51.614 GC heap before
{Heap before GC invocations=51 (full 0):
 garbage-first heap   total 405504K, used 351850K [0x0000000080000000, 0x0000000100000000)
  region size 1024K, 235 young (240640K), 5 survivors (5120K)
 Metaspace       used 114128K, committed 114944K, reserved 1179648K
  class space    used 15549K, committed 15936K, reserved 1048576K
}
Event: 51.623 GC heap after
{Heap after GC invocations=52 (full 0):
 garbage-first heap   total 405504K, used 115152K [0x0000000080000000, 0x0000000100000000)
  region size 1024K, 4 young (4096K), 4 survivors (4096K)
 Metaspace       used 114128K, committed 114944K, reserved 1179648K
  class space    used 15549K, committed 15936K, reserved 1048576K
}
Event: 55.112 GC heap before
{Heap before GC invocations=52 (full 0):
 garbage-first heap   total 405504K, used 354768K [0x0000000080000000, 0x0000000100000000)
  region size 1024K, 237 young (242688K), 4 survivors (4096K)
 Metaspace       used 114263K, committed 115072K, reserved 1179648K
  class space    used 15556K, committed 15936K, reserved 1048576K
}
Event: 55.123 GC heap after
{Heap after GC invocations=53 (full 0):
 garbage-first heap   total 405504K, used 116068K [0x0000000080000000, 0x0000000100000000)
  region size 1024K, 5 young (5120K), 5 survivors (5120K)
 Metaspace       used 114263K, committed 115072K, reserved 1179648K
  class space    used 15556K, committed 15936K, reserved 1048576K
}
Event: 57.018 GC heap before
{Heap before GC invocations=53 (full 0):
 garbage-first heap   total 405504K, used 352612K [0x0000000080000000, 0x0000000100000000)
  region size 1024K, 237 young (242688K), 5 survivors (5120K)
 Metaspace       used 114362K, committed 115136K, reserved 1179648K
  class space    used 15564K, committed 15936K, reserved 1048576K
}
Event: 57.029 GC heap after
{Heap after GC invocations=54 (full 0):
 garbage-first heap   total 405504K, used 116554K [0x0000000080000000, 0x0000000100000000)
  region size 1024K, 5 young (5120K), 5 survivors (5120K)
 Metaspace       used 114362K, committed 115136K, reserved 1179648K
  class space    used 15564K, committed 15936K, reserved 1048576K
}
Event: 62.257 GC heap before
{Heap before GC invocations=54 (full 0):
 garbage-first heap   total 405504K, used 353098K [0x0000000080000000, 0x0000000100000000)
  region size 1024K, 237 young (242688K), 5 survivors (5120K)
 Metaspace       used 123464K, committed 124224K, reserved 1179648K
  class space    used 16865K, committed 17216K, reserved 1048576K
}
Event: 62.320 GC heap after
{Heap after GC invocations=55 (full 0):
 garbage-first heap   total 405504K, used 149245K [0x0000000080000000, 0x0000000100000000)
  region size 1024K, 30 young (30720K), 30 survivors (30720K)
 Metaspace       used 123464K, committed 124224K, reserved 1179648K
  class space    used 16865K, committed 17216K, reserved 1048576K
}
Event: 67.839 GC heap before
{Heap before GC invocations=55 (full 0):
 garbage-first heap   total 405504K, used 329469K [0x0000000080000000, 0x0000000100000000)
  region size 1024K, 207 young (211968K), 30 survivors (30720K)
 Metaspace       used 129234K, committed 129984K, reserved 1179648K
  class space    used 17693K, committed 18048K, reserved 1048576K
}
Event: 67.968 GC heap after
{Heap after GC invocations=56 (full 0):
 garbage-first heap   total 405504K, used 178176K [0x0000000080000000, 0x0000000100000000)
  region size 1024K, 26 young (26624K), 26 survivors (26624K)
 Metaspace       used 129234K, committed 129984K, reserved 1179648K
  class space    used 17693K, committed 18048K, reserved 1048576K
}
Event: 71.098 GC heap before
{Heap before GC invocations=56 (full 0):
 garbage-first heap   total 405504K, used 322560K [0x0000000080000000, 0x0000000100000000)
  region size 1024K, 168 young (172032K), 26 survivors (26624K)
 Metaspace       used 131727K, committed 132544K, reserved 1179648K
  class space    used 18069K, committed 18432K, reserved 1048576K
}

